[    0.000000] Initializing cgroup subsys cpuset
[    0.000000] Initializing cgroup subsys cpu
[    0.000000] Initializing cgroup subsys cpuacct
[    0.000000] Linux version 4.4.0-101-generic (buildd@lcy01-amd64-006) (gcc version 5.4.0 20160609 (Ubuntu 5.4.0-6ubuntu1~16.04.5) ) #124-Ubuntu SMP Fri Nov 10 18:29:59 UTC 2017 (Ubuntu 4.4.0-101.124-generic 4.4.95)
[    0.000000] Command line: BOOT_IMAGE=/boot/vmlinuz-4.4.0-101-generic root=LABEL=cloudimg-rootfs ro console=tty1 console=ttyS0
[    0.000000] KERNEL supported cpus:
[    0.000000]   Intel GenuineIntel
[    0.000000]   AMD AuthenticAMD
[    0.000000]   Centaur CentaurHauls
[    0.000000] x86/fpu: xstate_offset[2]:  576, xstate_sizes[2]:  256
[    0.000000] x86/fpu: Supporting XSAVE feature 0x01: 'x87 floating point registers'
[    0.000000] x86/fpu: Supporting XSAVE feature 0x02: 'SSE registers'
[    0.000000] x86/fpu: Supporting XSAVE feature 0x04: 'AVX registers'
[    0.000000] x86/fpu: Enabled xstate features 0x7, context size is 832 bytes, using 'standard' format.
[    0.000000] x86/fpu: Using 'lazy' FPU context switches.
[    0.000000] e820: BIOS-provided physical RAM map:
[    0.000000] BIOS-e820: [mem 0x0000000000000000-0x000000000009fbff] usable
[    0.000000] BIOS-e820: [mem 0x000000000009fc00-0x000000000009ffff] reserved
[    0.000000] BIOS-e820: [mem 0x00000000000f0000-0x00000000000fffff] reserved
[    0.000000] BIOS-e820: [mem 0x0000000000100000-0x000000001ffeffff] usable
[    0.000000] BIOS-e820: [mem 0x000000001fff0000-0x000000001fffffff] ACPI data
[    0.000000] BIOS-e820: [mem 0x00000000fffc0000-0x00000000ffffffff] reserved
[    0.000000] NX (Execute Disable) protection: active
[    0.000000] SMBIOS 2.5 present.
[    0.000000] Hypervisor detected: KVM
[    0.000000] e820: last_pfn = 0x1fff0 max_arch_pfn = 0x400000000
[    0.000000] MTRR: Disabled
[    0.000000] x86/PAT: MTRRs disabled, skipping PAT initialization too.
[    0.000000] CPU MTRRs all blank - virtualized system.
[    0.000000] x86/PAT: Configuration [0-7]: WB  WT  UC- UC  WB  WT  UC- UC  
[    0.000000] found SMP MP-table at [mm 0x0009fff0-0x0009ffff] mapped at [ffff88000009fff0]
[    0.000000] Scanning 1 areas for low memory corruption
[    0.000000] RAMDISK: [mem 0x1ecdb000-0x1f768fff]
[    0.000000] ACPI: Early table checksum verification disabled
[    0.000000] ACPI: RSDP 0x00000000000E0000 000024 (v02 VBOX  )
[    0.000000] ACPI: XSDT 0x000000001FFF0030 00003C (v01 VBOX   VBOXXSDT 00000001 ASL  00000061)
[    0.000000] ACPI: FACP 0x000000001FFF00F0 0000F4 (v04 VBOX   VBOXFACP 00000001 ASL  00000061)
[    0.000000] ACPI: DSDT 0x000000001FFF0470 002118 (v01 VBOX   VBOXBIOS 00000002 INTL 20160108)
[    0.000000] ACPI: FACS 0x000000001FFF0200 000040
[    0.000000] ACPI: FACS 0x000000001FFF0200 000040
[    0.000000] ACPI: APIC 0x000000001FFF0240 00005C (v02 VBOX   VBOXAPIC 00000001 ASL  00000061)
[    0.000000] ACPI: SSDT 0x000000001FFF02A0 0001CC (v01 VBOX   VBOXCPUT 00000002 INTL 20160108)
[    0.000000] No NUMA configuration found
[    0.000000] Faking a node at [mem 0x0000000000000000-0x000000001ffeffff]
[    0.000000] NODE_DATA(0) allocated [mem 0x1ffeb000-0x1ffeffff]
[    0.000000] kvm-clock: Using msrs 4b564d01 and 4b564d00
[    0.000000] kvm-clock: cpu 0, msr 0:1ffe3001, primary cpu clock
[    0.000000] kvm-clock: using sched offset of 3817552685 cycles
[    0.000000] clocksource: kvm-clock: mask: 0xffffffffffffffff max_cycles: 0x1cd42e4dffb, max_idle_ns: 881590591483 ns
[    0.000000] Zone ranges:
[    0.000000]   DMA      [mem 0x0000000000001000-0x0000000000ffffff]
[    0.000000]   DMA32    [mem 0x0000000001000000-0x000000001ffeffff]
[    0.000000]   Normal   empty
[    0.000000]   Device   empty
[    0.000000] Movable zone start for each node
[    0.000000] Early memory node ranges
[    0.000000]   node   0: [mem 0x0000000000001000-0x000000000009efff]
[    0.000000]   node   0: [mem 0x0000000000100000-0x000000001ffeffff]
[    0.000000] Initmem setup node 0 [mem 0x0000000000001000-0x000000001ffeffff]
[    0.000000] ACPI: PM-Timer IO Port: 0x4008
[    0.000000] IOAPIC[0]: apic_id 2, version 17, address 0xfec00000, GSI 0-23
[    0.000000] ACPI: INT_SRC_OVR (bus 0 bus_irq 0 global_irq 2 dfl dfl)
[    0.000000] ACPI: INT_SRC_OVR (bus 0 bus_irq 9 global_irq 9 high level)
[    0.000000] Using ACPI (MADT) for SMP configuration information
[    0.000000] smpboot: Allowing 2 CPUs, 0 hotplug CPUs
[    0.000000] PM: Registered nosave memory: [mem 0x00000000-0x00000fff]
[    0.000000] PM: Registered nosave memory: [mem 0x0009f000-0x0009ffff]
[    0.000000] PM: Registered nosave memory: [mem 0x000a0000-0x000effff]
[    0.000000] PM: Registered nosave memory: [mem 0x000f0000-0x000fffff]
[    0.000000] e820: [mem 0x20000000-0xfffbffff] available for PCI devices
[    0.000000] Booting paravirtualized kernel on KVM
[    0.000000] clocksource: refined-jiffies: mask: 0xffffffff max_cycles: 0xffffffff, max_idle_ns: 7645519600211568 ns
[    0.000000] setup_percpu: NR_CPUS:512 nr_cpumask_bits:512 nr_cp_is:2 nr_node_ids:1
[    0.000000] PERCPU: Embedded 34 pages/cpu @ffff88001fc00000 s98328 r8192 d32744 u1048576
[    0.000000] PV qspinlock hash table entries: 256 (order: 0, 4096 bytes)
[    0.000000] Built 1 zonelists in Node order, mobility grouping on.  Total pages: 128889
[    0.000000] Policy zone: DMA32
[    0.000000] Kernel command line: BOOT_IMAGE=/boot/vmlinuz-4.4.0-101-generic root=LABEL=cloudimg-rootfs ro console=tty1 console=ttyS0
[    0.000000] PID hash table entries: 2048 (order: 2, 16384 bytes)
[    0.000000] Memory: 485676K/523832K available (8484K kernel code, 1294K rwdata, 3988K rodata, 1492K init, 1316K bss, 38156K reserved, 0K cma-reserved)
[    0.000000] SLUB: HWalign=64, Order=0-3, MinObjects=0, CPUs=2, Nodes=1
[    0.000000] Hierarchical RCU implementation.
[    0.000000] 	Build-time adjustment of leaf fanout to 64.
[    0.000000] 	RCU restricting CPUs from NR_CPUS=512 to nr_cpu_ids=2.
[    0.000000] RCU: Adjusting geometry for rcu_fanout_leaf=64, nr_cpu_ids=2
[    0.000000] NR_IRQS:33024 nr_irqs:440 16
[    0.000000] Console: colour VGA+ 80x25
[    0.000000] console [tty1] enabled
[    0.000000] console [ttyS0] enabled
[    0.000000] tsc: Detected 1795.917 MHz processor
[    0.536853] Calibrating delay loop (skipped) preset value.. 3591.83 BogoMIPS (lpj=7183668)
[    0.539591] pid_max: default: 32768 minimum: 301
[    0.541026] ACPI: Core revision 20150930
[    0.544022] ACPI: 2 ACPI AML tables successfully acquired and loaded
[    0.546096] Security Framework initialized
[    0.565731] Yama: becoming mindful.
[    0.576161] AppArmor: AppArmor initialized
[    0.607261] Dentry cache hash table entries: 65536 (order: 7, 524288 bytes)
[    0.627471] Inode-cache hash table entries: 32768 (order: 6, 262144 bytes)
[    0.647163] Mount-cache hash table entries: 1024 (order: 1, 8192 bytes)
[    0.733490] Mountpoint-cache hash table entries: 1024 (order: 1, 8192 bytes)
[    0.738598] Initializing cgroup subsys io
[    0.764447] Initializing cgroup subsys memory
[    0.765857] Initializing cgroup subsys devices
[    0.797274] Initializing cgroup subsys freezer
[    0.807310] Initializing cgroup subsys net_cls
[    0.808707] Initializing cgroup subsys perf_event
[    0.810179] Initializing cgroup subsys net_prio
[    0.811635] Initializing cgroup subsys hugetlb
[    0.813040] Initializing cgroup subsys pids
[    0.829832] CPU: Physical Processor ID: 0
[    0.837541] CPU: Processor Core ID: 0
[    0.847054] mce: CPU supports 0 MCE banks
[    0.848407] Last level iTLB entries: 4KB 512, 2MB 8, 4MB 8
[    0.850065] Last level dTLB entries: 4KB 512, 2MB 32, 4MB 32, 1GB 0
[    0.871404] Freeing SMP alternatives memory: 32K
[    0.901162] ftrace: allocating 32156 entries in 126 pages
[    1.021892] smpboot: APIC(0) Converting physical 0 to logical package 0
[    1.043298] smpboot: Max logical packages: 1
[    1.047399] ..TIMER: vector=0x30 apic1=0 pin1=2 apic2=-1 pin2=-1
[    1.163441] smpboot: CPU0: Intel(R) Core(TM) i3-3217U CPU @ 1.80GHz (family: 0x6, model: 0x3a, stepping: 0x9)
[    1.189175] Performance Events: unsupported p6 CPU model 58 no PMU driver, software events only.
[    1.221385] KVM setup paravirtual spinlock
[    1.223910] x86: Booting SMP configuration:
[    1.265419] .... node  #0, CPUs:      #1
[    1.295916] kvm-clock: cpu 1, msr 0:1ffe3041, secondary cpu clock
[    1.297808] mce: CPU supports 0 MCE banks
[    1.309216] x86: Booted up 1 node, 2 CPUs
[    1.318789] smpboot: Total of 2 processors activated (7183.66 BogoMIPS)
[    1.321470] devtmpfs: initialized
[    1.389563] evm: security.selinux
[    1.477109] evm: security.SMACK64
[    1.551747] evm: security.SMACK64EXEC
[    1.563257] evm: security.SMACK64TRANSMUTE
[    1.568560] evm: security.SMACK64MMAP
[    1.577881] evm: security.ima
[    1.592313] evm: security.capability
[    1.609042] clocksource: jiffies: mask: 0xffffffff max_cycles: 0xffffffff, max_idle_ns: 7645041785100000 ns
[    1.611983] futex hash table entries: 512 (order: 3, 32768 bytes)
[    1.647321] pinctrl core: initialized pinctrl subsystem
[    1.655856] RTC time: 17:30:47, date: 12/11/17
[    1.671166] NET: Registered protocol family 16
[    1.695740] cpuidle: using governor ladder
[    1.719413] cpuidle: using governor menu
[    1.743659] PCCT header not found.
[    1.786849] ACPI: bus type PCI registered
[    1.788204] acpiphp: ACPI Hot Plug PCI Controller Driver version: 0.5
[    1.790223] PCI: Using configuration type 1 for base access
[    1.805350] ACPI: Added _OSI(Module Device)
[    1.813568] ACPI: Added _OSI(Processor Device)
[    1.816498] ACPI: Added _OSI(3.0 _SCP Extensions)
[    1.819469] ACPI: Added _OSI(Processor Aggregator Device)
[    1.823492] ACPI: Executed 1 blocks of module-level executable AML code
[    1.830902] ACPI: Interpreter enabled
[    1.833650] ACPI: (supports S0 S5)
[    1.847224] ACPI: Using IOAPIC for interrupt routing
[    1.850005] PCI: Using host bridge windows from ACPI; if necessary, use "pci=nocrs" and report a bug
[    1.859974] ACPI: PCI Root Bridge [PCI0] (domain 0000 [bus 00-ff])
[    1.877010] acpi PNP0A03:00: _OSC: OS supports [ASPM ClockPM Segments MSI]
[    1.894292] acpi PNP0A03:00: _OSC failed (AE_NOT_FOUND); disabling ASPM
[    1.896219] acpi PNP0A03:00: fail to add MMCONFIG information, can't access extended PCI configuration space under this bridge.
[    1.899932] PCI host bridge to bus 0000:00
[    1.909442] pci_bus 0000:00: root bus resource [io  0x0000-0x0cf7 window]
[    1.930918] pci_bus 0000:00: root bus resource [io  0x0d00-0xffff window]
[    1.946540] pci_bus 0000:00: root bus resource [mem 0x000a0000-0x000bffff window]
[    1.948946] pci_bus 0000:00: root bus resource [mem 0x20000000-0xffdfffff window]
[    1.984855] pci_bus 0000:00: root bus resource [bus 00-ff]
[    1.999539] pci 0000:00:01.1: legacy IDE quirk: reg 0x10: [io  0x01f0-0x01f7]
[    2.032464] pci 0000:00:01.1: legacy IDE quirk: reg 0x14: [io  0x03f6]
[    2.037327] pci 0000:00:01.1: legacy IDE quirk: reg 0x18: [io  0x0170-0x0177]
[    2.052935] pci 0000:00:01.1: legacy IDE quirk: reg 0x1c: [io  0x0376]
[    2.123475] ACPI: PCI Interrupt Link [LNKA] (IRQs 5 9 10 *11)
[    2.150419] ACPI: PCI Interrupt Link [LNKB] (IRQs 5 9 10 *11)
[    2.191540] ACPI: PCI Interrupt Link [LNKC] (IRQs 5 9 *10 11)
[    2.214172] ACPI: PCI Interrupt Link [LNKD] (IRQs 5 *9 10 11)
[    2.232051] ACPI: Enabled 2 GPEs in block 00 to 07
[    2.257595] vgaarb: setting as boot device: PCI:0000:00:02.0
[    2.275677] vgaarb: device added: PCI:0000:00:02.0,decodes=io+mem,owns=io+mem,locks=none
[    2.278284] vgaarb: loaded
[    2.310760] vgaarb: bridge control possible 0000:00:02.0
[    2.327545] SCSI subsystem initialized
[    2.338618] ACPI: bus type USB registered
[    2.365885] usbcore: registered new interface driver usbfs
[    2.382654] usbcore: registered new interface driver hub
[    2.384284] usbcore: registered new device driver usb
[    2.391178] PCI: Using ACPI for IRQ routing
[    2.393033] NetLabel: Initializing
[    2.394255] NetLabel:  domain hash size = 128
[    2.395613] NetLabel:  protocols = UNLABELED CIPSOv4
[    2.406037] NetLabel:  unlabeled traffic allowed by default
[    2.441693] amd_nb: Cannot enumerate AMD northbridges
[    2.448853] clocksource: Switched to clocksource kvm-clock
[    2.504613] AppArmor: AppArmor Filesystem Enabled
[    2.538314] pnp: PnP ACPI init
[    2.540684] pnp: PnP ACPI: found 3 devices
[   5659clksource: cppmma: 0xffffff max_cycles: 0xffffff, max_idle_ns: 2085701024 ns
[    3.209333] NET: Registered protocol family 2
[    3.247420] TCP established hash table entries: 4096 (order: 3, 32768 bytes)
[    3.387536] TCP bind hash table entries: 4096 (order: 4, 65536 bytes)
[    3.389335] TCP: Hash tables configured (establish 46 nd09
  3.269]UDha tle entries: 256 (order: 1, 8192 bytes)
[    4.174884] UDP-Lite hash table entries: 256 (order: 1,19bys)
[   4.38177 N: gier ptol mi 1[   5.093255] pci 0000:00:00.0: Limiting direct PCI/PCI transfers
[    5.174225] pci 0000:00:01.0: Activating ISA DMA hang workarounds
[    5.176169] Unpacking initramf..

[  83843Frininrd memoy: 10808K

[    8.934196] RAPL PMU detected, API unit is 2^-32 Joules, 3 fixed counters 107374124msvf timer
[    9.173954] hw unit of domain pp0-core 2^-0 Joules
[    9.177569] hw unit of domain package 2^-0 Joules
[    9.194100] hw unit of domain pp1-gpu 2^-0 Joules
[    9.197482] platform rtc_cmos: registered platform RTC device (no PNP device found)
[    9.212560] Scanning for low memory corruption every 60 seconds
[    9.231045] audit: initializing netlink subsys (disabled)
[    9.248742] audit: type=2000 audit(1513013458.105:1): initialized
[    9.251101] Initialise system trusted keyring
[    9.252952] HugeTLB registered 2 MB page size, pre-allocated 0 pages
[    9.312321] zbud: loaded
[    9.315302] VFS: Disk quotas dquot_6.6.0
[    9.316998] VFS: Dquot-cache hash table entries: 512 (order 0, 4096 bytes)
[    9.418112] squashfs: version 4.0 (2009/01/31) Phillip Lougher
[    9.420498] fuse init (API version 7.23)
[    9.423213] Key type big_key registered
[    9.424590] Allocating IMA MOK and blacklist keyrings.
[    9.481893] Key type asymmetric registered
[    9.636994] Asymmetric key parser 'x509' registered
[    9.827099] Block layer SCSI generic (bsg) driver version 0.4 loaded (major 249)
[    9.840288] io scheduler noop registered
[    9.842501] io scheduler deadline registered (default)
[    9.917433] io scheduler cfq registered
[    9.918900] pci_hotplug: PCI Hot Plug PCI Core version: 0.5
[    9.920534] pciehp: PCI Express Hot Plug Controller Driver version: 0.4
[    9.922679] ACPI: AC Adapter [AC] (on-line)
[   10.027562] input: Power Button as /devices/LNXSYSTM:00/LNXPWRBN:00/input/input0
[   10.033319] ACPI: Power Button [PWRF]
[   10.078803] input: Sleep Button as /devices/LNXSYSTM:00/LNXSLPBN:00/input/input1
[   10.081189] ACPI: Sleep Button [SLPF]
[   10.085074] ACPI: Battery Slot [BAT0] (battery present)
[   10.085075] GHES: HEST is not enabled!
[   10.177667] Serial: 8250/16550 driver, 32 ports, IRQ sharing enabled
[   10.240550] 00:02: ttyS0 at I/O 0x3f8 (irq = 4, base_baud = 115200) is a 16550A
[   10.277519] tsc: Refined TSC clocksource calibration: 1795.792 MHz
[   10.277523] clocksource: tsc: mask: 0xffffffffffffffff max_cycles: 0x19e2a28c061, max_idle_ns: 440795274720 ns
[   10.285911] Linux agpgart interface v0.103
[   10.310403] loop: module loaded
[   10.311545] scsi host0: ata_piix
[   10.311647] scsi host1: ata_piix
[   10.311702] ata1: PATA max UDMA/33 cmd 0x1f0 ctl 0x3f6 bmdma 0xd000 irq 14
[   10.311704] ata2: PATA max UDMA/33 cmd 0x170 ctl 0x376 bmdma 0xd008 irq 15
[   10.311828] libphy: Fixed MDIO Bus: probed
[   10.311832] tun: Universal TUN/TAP device driver, 1.6
[   10.311833] tun: (C) 1999-2004 Max Krasnyansky <maxk@qualcomm.com>
[   10.311918] PPP generic driver version 2.4.2
[   10.312007] ehci_hcd: USB 2.0 'Enhanced' Host Controller (EHCI) Driver
[   10.312014] ehci-pci: EHCI PCI platform driver
[   10.312055] ehci-platform: EHCI generic platform driver
[   10.312070] ohci_hcd: USB 1.1 'Open' Host Controller (OHCI) Driver
[   10.312077] ohci-pci: OHCI PCI platform driver
[   10.312092] ohci-platform: OHCI generic platform driver
[   10.312105] uhci_hcd: USB Universal Host Controller Interface driver
[   10.312211] i8042: PNP: PS/2 Controller [PNP0303:PS2K,PNP0f03:PS2M] at 0x60,0x64 irq 1,12
[   10.313641] serio: i8042 KBD port at 0x60,0x64 irq 1
[   10.313649] serio: i8042 AUX port at 0x60,0x64 irq 12
[   10.313829] mousedev: PS/2 mouse device common for all mice
[   10.314274] input: AT Translated Set 2 keyboard as /devices/platform/i8042/serio0/input/input2
[   10.314876] rtc_cmos rtc_cmos: rtc core: registered rtc_cmos as rtc0
[   10.314979] rtc_cmos rtc_cmos: alarms up to one day, 114 bytes nvram
[   10.314989] i2c /dev entries driver
[   10.315078] device-mapper: uevent: version 1.0.3
[   10.315170] device-mapper: ioctl: 4.34.0-ioctl (2015-10-28) initialised: dm-devel@redhat.com
[   10.315193] ledtrig-cpu: registered to indicate activity on CPUs
[   10.315629] NET: Registered protocol family 10
[   10.315873] NET: Registered protocol family 17
[   10.315889] Key type dns_resolver registered
[   10.316124] microcode: CPU0 sig=0x306a9, pf=0x2, revision=0x19
[   10.346974] microcode: CPU1 sig=0x306a9, pf=0x2, revision=0x19
[   10.347118] microcode: Microcode Update Driver: v2.01 <tigran@aivazian.fsnet.co.uk>, Peter Oruba
[   10.347388] registered taskstats version 1
[   10.347417] Loading compiled-in X.509 certificates
[   10.348683] Loaded X.509 cert 'Build time autogenerated kernel key: f91c6829a34a801956ec6287af569c0a1f1f8d39'
[   10.348719] zswap: loaded using pool lzo/zbud
[   10.352041] Key type trusted registered
[   10.356196] Key type encrypted registered
[   10.356205] AppArmor: AppArmor sha1 policy hashing enabled
[   10.356210] ima: No TPM chip found, activating TPM-bypass!
[   10.356244] evm: HMAC attrs: 0x1
[   10.356780]   Magic number: 13:145:542
[   10.363582] rtc_cmos rtc_cmos: setting system clock to 2017-12-11 17:30:56 UTC (1513013456)
[   10.363744] BIOS EDD facility v0.16 2004-Jun-25, 0 devices found
[   10.363744] EDD information not available.
[   11.512214] Freeing unused kernel memory: 1492K
[   11.516252] Write protecting the kernel read-only data: 14336k
[   11.527218] Freeing unused kernel memory: 1744K
[   11.531290] Freeing unused kernel memory: 108K
Loading, please wait...
starting version[   11.559826] random: systemd-udevd: uninitialized urandom read (16 bytes read, 3 bits of entropy available)
 229
[   11.560697] random: udevadm: uninitialized urandom read (16 bytes read, 3 bits of entropy available)
[   11.560731] random: udevadm: uninitialized urandom read (16 bytes read, 3 bits of entropy available)
[   11.576322] random: udevadm: uninitialized urandom read (16 bytes read, 3 bits of entropy available)
[   11.576393] random: udevadm: uninitialized urandom read (16 bytes read, 3 bits of entropy available)
[   11.576613] random: udevadm: uninitialized urandom read (16 bytes read, 3 bits of entropy available)
[   11.576698] random: udevadm: uninitialized urandom read (16 bytes read, 3 bits of entropy available)
[   11.576781] random: udevadm: uninitialized urandom read (16 bytes read, 3 bits of entropy available)
[   11.576867] random: udevadm: uninitialized urandom read (16 bytes read, 3 bits of entropy available)
[   11.577040] random: udevadm: uninitialized urandom read (16 bytes read, 3 bits of entropy available)
[   11.748246] e1000: Intel(R) PRO/1000 Network Driver - version 7.3.21-k8-NAPI
[   11.758191] e1000: Copyright (c) 1999-2006 Intel Corporation.
[   11.809544] Fusion MPT base driver 3.04.20
[   11.827500] Copyright (c) 1999-2008 LSI Corporation
[   11.860438] Fusion MPT SPI Host driver 3.04.20
[   12.047707] input: ImExPS/2 Generic Explorer Mouse as /devices/platform/i8042/serio1/input/input4
[   12.259349] e1000 0000:00:03.0 eth0: (PCI:33MHz:32-bit) 02:b9:83:f0:a4:db
[   12.288191] e1000 0000:00:03.0 eth0: Intel(R) PRO/1000 Network Connection
[   12.719253] e1000 0000:00:08.0 eth1: (PCI:33MHz:32-bit) 08:00:27:99:68:0c
[   12.726649] e1000 0000:00:08.0 eth1: Intel(R) PRO/1000 Network Connection
[   13.208390] e1000 0000:00:09.0 eth2: (PCI:33MHz:32-bit) 08:00:27:d2:6f:98
[   13.367134] e1000 0000:00:09.0 eth2: Intel(R) PRO/1000 Network Connection
[   13.383990] e1000 0000:00:08.0 enp0s8: renamed from eth1
[   13.409613] mptbase: ioc0: Initiating bringup
[   13.425337] e1000 0000:00:03.0 enp0s3: renamed from eth0
[   13.489351] ioc0: LSI53C1030 A0: Capabilities={Initiator}
[   13.698487] e1000 0000:00:09.0 enp0s9: renamed from eth2
[   14.162245] scsi host2: ioc0: LSI53C1030 A0, FwRev=00000000h, Ports=1, MaxQ=256, IRQ=20
[   14.748274] scsi 2:0:0:0: Direct-Access     VBOX     HARDDISK         1.0  PQ: 0 ANSI: 5
[   14.788376] scsi target2:0:0: Beginning Domain Validation
[   14.794194] scsi target2:0:0: Domain Validation skipping write tests
[   14.797887] scsi target2:0:0: Ending Domain Validation
[   14.837796] floppy0: no floppy controllers found
[   14.837825] scsi target2:0:0: asynchronous
[   14.852455] scsi 2:0:1:0: Direct-Access     VBOX     HARDDISK         1.0  PQ: 0 ANSI: 5
[   14.967643] scsi target2:0:1: Beginning Domain Validation
[   15.050926] scsi target2:0:1: Domain Validation skipping write tests
[   15.266293] scsi target2:0:1: Ending Domain Validation
[   15.287907] scsi target2:0:1: asynchronous
[   15.311806] sd 2:0:0:0: Attached scsi generic sg0 type 0
[   15.311852] sd 2:0:0:0: [sda] 20971520 512-byte logical blocks: (10.7 GB/10.0 GiB)
[   15.312435] sd 2:0:0:0: [sda] Write Protect is off
[   15.312666] sd 2:0:0:0: [sda] Incomplete mode parameter data
[   15.312668] sd 2:0:0:0: [sda] Assuming drive cache: write through
[   15.314958]  sda: sda1
[   15.316425] sd 2:0:0:0: [sda] Attached SCSI disk
[   15.576628] sd 2:0:1:0: Attached scsi generic sg1 type 0
[   15.576899] sd 2:0:1:0: [sdb] 20480 512-byte logical blocks: (10.5 MB/10.0 MiB)
[   15.577245] sd 2:0:1:0: [sdb] Write Protect is off
[   15.577540] sd 2:0:1:0: [sdb] Incomplete mode parameter data
[   15.577542] sd 2:0:1:0: [sdb] Assuming drive cache: write through
[   15.599904] sd 2:0:1:0: [sdb] Attached SCSI disk
Begin: Loading e[   17.380330] md: linear personality registered for level -1
ssential drivers ... [   17.444253] md: multipath personality registered for level -4
[   17.466168] md: raid0 personality registered for level 0
[   17.764294] md: raid1 personality registered for level 1
[   18.106166] raid6: sse2x1   gen()  3429 MB/s
[   18.214254] raid6: sse2x1   xor()  2828 MB/s
[   18.286151] raid6: sse2x2   gen()  5637 MB/s
[   18.357529] raid6: sse2x2   xor()  3996 MB/s
[   18.429695] raid6: sse2x4   gen()  6492 MB/s
[   18.506096] raid6: sse2x4   xor()  5465 MB/s
[   18.509948] raid6: using algorithm sse2x4 gen() 6492 MB/s
[   18.512027] raid6: .... xor() 5465 MB/s, rmw enabled
[   18.514032] raid6: using ssse3x2 recovery algorithm
[   18.518364] xor: automatically using best checksumming function:
[   18.577449]    avx       : 26407.000 MB/sec
[   18.591366] async_tx: api initialized (async)
[   18.626062] md: raid6 personality registered for level 6
[   18.631034] md: raid5 personality registered for level 5
[   18.633092] md: raid4 personality registered for level 4
[   18.648108] md: raid10 personality registered for level 10
done.
Begin: Running /scripts/init-premount ... done.
Begin: Mounting root file system ... Begin: Running /scripts/local-top ... done.
Begin: [   18.714220] Btrfs loaded
Running /scripts/local-premount ... Scanning for Btrfs filesystems
done.
Warning: fsck not present, so skipping root file system
[   18.838506] EXT4-fs (sda1): mounted filesystem with ordered data mode. Opts: (null)
done.
Begin: Running /scripts/local-bottom ... done.
Begin: Running /scripts/init-bottom ... done.
[   19.553779] systemd[1]: systemd 229 running in system mode. (+PAM +AUDIT +SELINUX +IMA +APPARMOR +SMACK +SYSVINIT +UTMP +LIBCRYPTSETUP +GCRYPT +GNUTLS +ACL +XZ -LZ4 +SECCOMP +BLKID +ELFUTILS +KMOD -IDN)
[   19.720236] systemd[1]: Detected virtualization oracle.
[   19.722991] systemd[1]: Detected architecture x86-64.

Welcome to [1mUbuntu 16.04.3 LTS[0m!

[   19.795946] systemd[1]: Set hostname to <ubuntu>.
[ 19739]ystemd[1]: Initializing machine ID from random generator.
[   20.217645] systemd[1]: Installed transient /etc/machine-id file.
[   20.305533] random: nonblocking pool is initialized
[   21.247705] systemd[1]: Listening on Journal Socket (/dev/log).
[[0;32m  OK  [0m] Listening on Journal Socket (/dev/log).
[   21.269860] systemd[1]: Created slice User and Session Slice.
[[0;32m  OK  [0m] Created slice User and Session Slice.
[   21.300217] systemd[1]: Started Forward Password Requests to Wall Directory Watch.
[[0;32m  OK  [0m] Started Forward Password Requests to Wall Directory Watch.
[   21.313606] systemd[1]: Listening on udev Kernel Socket.
[[0;32m  OK  [0m] Listening on udev Kernel Socket.
[   21.318280] systemd[1]: Reached target Swap.
[[0;32m  OK  [0m] Reached target Swap.
[  2.3522]sytemd[1]: Listening on /dev/initctl Compatibit Named Pipe.
[[0;32m  OK  [0m] Listening on /dev/initctl Compatibility Named Pipe.
[   21.701107] systemd[1]: Reached target User and Group Name Lookups.
[[0;32m  OK  [0m] Reached target User and Group Name Lookups.
[   21.729350] systemd[1]: Listening on Journal Socket.
[[0;32m  OK  [0m] Listening on Journal Socket.
[   21.896342] systemd[1]: Created slice SystemSle.

[[0;32m  OK  [0m] Created slice System Slice.
[   22.086173] systemd[1]: Starting Uncomplicated firewall...
         Starting Uncomplicated firewall...
[   22.103200] systemd[1]: Mounting Huge Pages File System...
         Mounting Huge Pages File System...
[   22.145945] systemd[1]: Listening on Device-mapper event daemon FIFOs.
[[0;32m  OK  [0m] Listening on Device-mapper event daemon FIFOs.
[   22.166009] systemd[1]: Listening on udev Control Socket.
[[0;32m  OK  [0m] Listening on udev Control Socket.
[   22.170978] systemd[1]: Set up automount Arbitrary Executable File Formats File System Automount Point.
[[0;32m  OK  [0m] Set up automount Arbitrary Executab...ats File System Automount Point.
[   22.190234] systemd[1]: Reached target Encrypted Volumes.
[[0;32m  OK  [0m] Reached target Encrypted Volumes.
[ 22082]ysmd1]: Created slice system-serial\x2dgetty.slice.
[[0;32m  OK  [0m] Created slice system-serial\x2dgetty.slice.
[   22.717035] systemd[1]: Started Trge rolonuptefor networkd DNS.
[[0;32m  OK  [0m] Started Trigger resolvconf update for networkd DNS.
[  23.225606] systemd[1]: Reahe tgeSles
[[0;32m  OK  [0m] Reached target Slices.
[   23.750238] systemd[1]: Starting Set console keymap...
         Starting Set console keymap...
[   23.777825] systemd[1]: Listening on Syslog Socket.
[[0;32m  OK  [0m] Listening on Syslog Socket.
[   23.784827] systemd[1]: Starting Remount Root and Kernel File Systems...
         Starting Remount Root and Kernel File Systems...
[   23.815814] systemd[1]: Listening on LVM2 poll daemon socket.
[   23.817103] EXT4-fs (sda1): re-mounted. Opts: (null)
[[0;32m  OK  [0m] Listening on LVM2 poll daemon socket.
[   23.865245] systemd[1]: Starting Nameserver information manager...
         Starting Nameserver information manager...
[   23.880201] systemd[1]: Starting Load Kernel Modules...
         Starting Load Kernel Modules...
[   23.888784] systemd[1]: Mounting POSIX Message Queue File System...
         Mounting POSIX Message Queue File System...
[   23.897252] systemd[1]: Listening on Journal Audit Socket.
[[0;32m  OK  [0m] Listening on Journal Audit Socket.
[   23.903141] systemd[1]: Starting Journal Service...
         Starting Journal Service...
[   23.910323] systemd[1]: Mounting Debug File System...
         Mounting Debug File System...
[   23.929326] systemd[1]: Listening on LVM2 metadata daemon socket.
[[0;32m  OK  [0m] Listening on LVM2 metadata daemon socket.
[   23.953851] systemd[1]: Starting Monitoring of LVM2 mirrors, snapshots etc. using dmeventd or progress polling...
         Starting Monitoring of LVM2 mirrors... dmeventd or progress polling...
[   23.975317] systemd[1]: Starting Create list of required static device nodes for the current kernel...
         [   23.998886] Loading iSCSI transport class v2.0-870.
Starting Create list of required st... nodes for the current kernel...
[   24.007696] systemd[1]: Mounted POSIX Message Queue File System.
[[0;32m  OK  [0m] Mounted POSIX Message Queue File System.
[   24.052222] systemd[1]: Mounted Huge Pages File System.
[[0;32m  OK  [0m] Mounted Huge Pages File System.
[   24.055941] systemd[1]: Mounted Debug File System.
[[0;32m  OK  [0m] Mounted Debug File System.
[   24.063298] systemd[1]: Started Uncomplicated firewall.
[[0;32m  OK  [0m] Started Uncomplicated firewall.
[   24.074968] systemd[1]: Started Set console keymap.
[[0;32m  OK  [0m] Started Set [   24.098993] iscsi: registered transport (tcp)
console keymap.
[   24.118821] systemd[1]: Started Remount Root and Kernel File Systems.
[[0;32m  OK  [0m] Started Remount Root and Kernel File Systems.
[   24.170679] systemd[1]: Started Create list of required static device nodes for the current kernel.
[[0;32m  OK  [0m] Started Create list of required sta...ce nodes for the current kernel.
[   24.281628] systemd[1]: Started Nameserver information manager.
[   24.295612] iscsi: registered transport (iser)
[[0;32m  OK  [0m] Started Nameserver information manager.
[   24.317900] systemd[1]: Started Load Kernel Modules.
[[0;32m  OK  [0m] Started Load Kernel Modules.
[   24.332832] systemd[1]: Started Journal Service.
[[0;32m  OK  [0m] Started Journal Service.
[[0;32m  OK  [0m] Started LVM2 metadata daemon.
         Mounting FUSE Control File System...
         Starting Apply Kernel Variables...
         Starting Create Static Device Nodes in /dev...
         Starting Flush Journal to Persistent Storage...
         Starting Initial cloud-init job (pre-networking)...
         Starting Load/Save Random Seed...
         Starting udev Coldplug all Devices...
[[0;32m  OK  [0m] Mounted FUSE Control File System.
[[0;32m  OK  [0m] Started Apply Kernel Variables.
[[0;32m  OK  [0m] Started Create Static Device Nodes in /dev.
[[0;32m  OK  [0m] Started Load/Save Random Seed.
         Starting udev Kernel Device Manager...
[[0;32m  OK  [0m] Started Flush Journal to Persistent Storage.
[[0;32m  OK  [0m] Started Monitoring of LVM2 mirrors,...ng dmeventd or progress polling.
[[0;32m  OK  [0m] Started udev Coldplug all Devices.
[[0;32m  OK  [0m] Started udev Kernel Device Manager.
[[0;32m  OK  [0m] Reached target Local File Systems (Pre).
[[0;32m  OK  [0m] Reached target Local File Systems.
         Starting Tell Plymouth To Write Out Runtime Data...
         Starting Set console font and keymap...
         Starting LSB: AppArmor initialization...
         Starting Commit a transient machine-id on disk...
         Starting Create Volatile Files and Directories...
[[0;32m  OK  [0m] Started Dispatch Password Requests to Console Directory Watch.
[[0;32m  OK  [0m] Started Tell Plymouth To Write Out Runtime Data.
[[0;32m  OK  [0m] Started Commit a transient machine-id on disk.
[[0;32m  OK  [0m] Found device /dev/ttyS0.
[[0;32m  OK  [0m] Started Create Volatile Files and Directories.
         Starting Update UTMP about System Boot/Shutdown...
[[0;32m  OK  [0m] Reached target System Time Synchronized.
[[0;32m  OK  [0m] Started Update UTMP about System Boot/Shutdown.
[[0;32m  OK  [0m] Listening on Load/Save RF Kill Switch Status /dev/rfkill Watch.
[[0;32m  OK  [0m] Started Set console font and keymap.
[[0;32m  OK  [0m] Started LSB: AppArmor initialization.
[[0;32m  OK  [0m] Created slice system-getty.slice.
[   27.931545] cloud-init[438]: Cloud-init v. 17.1 running 'init-local' at Mon, 11 Dec 2017 17:31:15 +0000. Up 27.27 seconds.
[[0;32m  OK  [0m] Started Initial cloud-init job (pre-networking).
[[0;32m  OK  [0m] Reached target Network (Pre).
         Starting Raise network interfaces...
[[0;32m  OK  [0m] Started Raise network interfaces.
         Starting Initial cloud-init job (metadata service crawler)...
[[0;32m  OK  [0m] Reached target Network.
[   31.411273] cloud-init[956]: Cloud-init v. 17.1 running 'init' at Mon, 11 Dec 2017 17:31:17 +0000. Up 29.09 seconds.
[   31.493363] cloud-init[956]: ci-info: ++++++++++++++++++++++++++++++++++++++Net device info++++++++++++++++++++++++++++++++++++++
[[0;32m  OK  [0m[   31.581461] ] cloud-initStarted Initial cloud-init job (metadata service crawler).[956]: 
ci-info: +--------+-------+----------------------------+---------------+-------+-------------------+
[   31.581978] cloud-init[956]: ci-info: | Device |   Up  |          Address           |      Mask     | Scope |     Hw-Address    |
[   31.625961] cloud-init[956]: ci-info: +--------+-------+----------------------------+---------------+-------+-------------------+
[   31.665481] cloud-init[956]: ci-info: | enp0s3 |  True |         10.0.2.15          | 255.255.255.0 |   .   | 02:b9:83:f0:a4:db |
[   31.666921] cloud-init[956]: ci-info: | enp0s3 |  True | fe80::b9:83ff:fef0:a4db/64 |       .       |  link | 02:b9:83:f0:a4:db |
[[0;32m  OK  [0m] Reached target System Initialization.
[[   31.667163] cloud-init[956]: ci-info: | enp0s8 | False |             .              |       .       |   .   | 08:00:27:99:68:0c |
[   31.807447] cloud-init[956]: ci-info: | enp0s9 | False |             .              |       .       |   .   | 08:00:27:d2:6f:98 |
[   31.807717] cloud-init[956]: ci-info: |   lo   |  True |         127.0.0.1          |   255.0.0.0   |   .   |         .         |
[   31.808106] cloud-init[956]: ci-info: |   lo   |  True |          ::1/128           |       .       |  host |         .         |
[   31.808368] cloud-init[956]: ci-info: +--------+-------+----------------------------+---------------+-------+-------------------+
[0;32m  OK  [0m] Listening on ACPID Listen Socket.
[   31.808701] cloud-init[956]: ci-info: +++++++++++++++++++++++++++Route IPv4 info++++++++++++++++++++++++++++
[[   32.044000] cloud-init[956]: ci-info: +-------+-------------+----------+---------------+-----------+-------+
[   32.045777] cloud-init[956]: ci-info: | Route | Destination | Gateway  |    Genmask    | Interface | Flags |
[0;32m  OK  [0m] Started Timer to automatically refresh installed snaps.
[   32.046092] cloud-init[956]: ci-info: +-------+-------------+----------+---------------+-----------+-------+
[   32.086510] cloud-init[956]: ci-info: |   0   |   0.0.0.0   | 10.0.2.2 |    0.0.0.0    |   enp0s3  |   UG  |
[   32.086889] cloud-init[956]: ci-info: |   1   |   10.0.2.0  | 0.0.0.0  | 255.255.255.0 |   enp0s3  |   U   |
[   32.087202] cloud-init[956]: ci-info: +-------+-------------+----------+---------------+-----------+-------+
[   32.087515] cloud-init[956]: Generating public/private rsa key pair.
[   32.087830] cloud-init[956]: Your identification has been saved in /etc/ssh/ssh_host_rsa_key.
[   32.088516] cloud-init[956]: Your public key has been saved in /etc/ssh/ssh_host_rsa_key.pub.
[   32.088824] cloud-init[956]: The key fingerprint is:
[   32.089478] cloud-init[956]: SHA256:6+WzvL4tQ3IuffCrTmeHcXAhpaVPVF7ToMdjoz+wLE4 root@ubuntu-xenial
[   32.089898] cloud-init[956]: The key's randomart image is:
[[0;32m  OK  [0m] Listening on UUID daemon activation socket.
[   32.090095] cloud-init[956]: +---[RSA 2048]----+
[   32.343188] cloud-init[956]: |            ..*++|
[[0;32m  OK  [0m] Listening on D-Bus System Message Bus Socket.
[   32.343403] cloud-init[956]: |             O o+|
[   32.367154] cloud-init[956]: |            = O .|
[   32.405692] cloud-init[956]: |             O o |
[   32.406781] cloud-init[956]: |        S   + o  |
         Starting LXD - unix socket.
         Starting Socket activation for snappy daemon.
[   32.407042] cloud-init[956]: |        ..+. B   |
[   32.494313] cloud-init[956]: |        .*Eo* +  |
[   32.495147] cloud-init[956]: |       ..B*=o. . |
[[0;32m  OK  [0m] Started Daily Cleanup of Temporary Directories.
[   32.495446] cloud-init[956]: |        .+@Xo.   |
[   32.555601] cloud-init[956]: +----[SHA256]-----+
[   32.556441] cloud-init[956]: Generating public/private dsa key pair.
[[0;32m  OK  [0m] Started ACPI Events Check.
[[   32.557099] cloud-init[956]: Your identification has been saved in /etc/ssh/ssh_host_dsa_key.
[0;32m  OK  [0m] Reached target Paths.
[   32.595822] cloud-init[956]: Your public key has been saved in /etc/ssh/ssh_host_dsa_key.pub.
[   32.625569] cloud-init[956]: The key fingerprint is:
[   32.626158] cloud-init[956]: SHA256:FBbH8SXpNQ7SRQSFWVgSyO6GpUDKA0gsBsEbbh6czwA root@ubuntu-xenial
[   32.626841] cloud-init[956]: The key's randomart image is:
[   32.627530] cloud-init[956]: +---[DSA 1024]----+
[   32.628749] cloud-init[956]: |B+      ++o+=#O  |
[   32.629116] cloud-init[956]: |E=.   .. o=.B+o  |
[[0;32m  OK  [0m] Reached target Network is Online.
[[   32.629423] cloud-init[956]: |* +o o  .. o.+ . |
[   32.660591] cloud-init[956]: | O  + ..  o . .  |
[0;32m  OK  [0m] Started Daily apt download activities.
[[   32.660840] cloud-init[956]: |o =  . .S=       |
[   32.667109] cloud-init[956]: | . o    o o      |
[   32.667376] cloud-init[956]: |         .       |
[   32.667691] cloud-init[956]: |                 |
[   32.668082] cloud-init[956]: |                 |
[   32.668350] cloud-init[956]: +----[SHA256]-----+
[0;32m  OK  [0m] Started Daily apt upgrade and clean activities.
[[   32.668691] cloud-init[956]: Generating public/private ecdsa key pair.
[   32.677556] cloud-init[956]: Your identification has been saved in /etc/ssh/ssh_host_ecdsa_key.
[   32.677886] cloud-init[956]: Your public key has been saved in /etc/ssh/ssh_host_ecdsa_key.pub.
[   32.678268] cloud-init[956]: The key fingerprint is:
[   32.678610] cloud-init[956]: SHA256:iquUxF5UfPsh95JpZjDHdxS/4bWidK2xVJl7j9QSWEk root@ubuntu-xenial
[   32.680573] cloud-init[956]: The key's randomart image is:
[   32.680917] cloud-init[956]: +---[ECDSA 256]---+
[   32.681304] cloud-init[956]: |     ..      .Eo |
[   32.681657] cloud-init[956]: |     .. .    oo.o|
[   32.682020] cloud-init[956]: |    .  . o  ...=o|
[   32.682389] cloud-init[956]: | . .    = = . =o*|
[   32.682754] cloud-init[956]: |  o .   SB B *o*o|
[   32.683119] cloud-init[956]: | o o . .  X =.=oo|
[   32.683489] cloud-init[956]: |  + . .  + o o. .|
[   32.683855] cloud-init[956]: | .   .           |
[0;32m  OK  [0m] Reached target Timers.
[   32.684621] cloud-init[956]: |  ...            |
[   32.724957] cloud-init[956]: +----[SHA256]-----+
[   32.756843] cloud-init[956]: Generating public/private ed25519 key pair.
[   32.757649] cloud-init[956]: Your identification has been saved in /etc/ssh/ssh_host_ed25519_key.
         Starting iSCSI initiator daemon (iscsid)...
[   32.758074] cloud-init[956]: Your public key has been saved in /etc/ssh/ssh_host_ed25519_key.pub.
[   32.809424] cloud-init[956]: The key fingerprint is:
[[0;32m  OK  [0m] Reached target Cloud-config availability.
[   32.809620] cloud-init[956]: SHA256:K8CHkkrcgZdFKef8vbPQVtMB1PVylrcdotnpc+uNIQA root@ubuntu-xenial
[   32.910721] cloud-init[956]: The key's randomart image is:
[   32.911316] cloud-init[956]: +--[ED25519 256]--+
[   32.912050] cloud-init[956]: |    .o.   .o. .. |
[   32.912374] cloud-init[956]: |  ..oo      ..  o|
[[0;32m  OK  [0m] Listening on LXD - unix socket.
[[   32.912746] cloud-init[956]: | . +=   E    o.o=|
[   32.976482] cloud-init[956]: |. oo.+   .  = ++=|
[   32.976907] cloud-init[956]: | oo.+ o S .= + ..|
[   32.977382] cloud-init[956]: |.. . o ..o..o    |
[   32.977877] cloud-init[956]: |.     ...o. .o.. |
[   32.978380] cloud-init[956]: |       .oo   .ooo|
[   32.978878] cloud-init[956]: |         .o   oo.|
[0;32m  OK  [0m] Listening on Socket activation for snappy daemon.
[   32.979634] cloud-init[956]: +----[SHA256]-----+
[[0;32m  OK  [0m] Reached target Sockets.
[[0;32m  OK  [0m] Reached target Basic System.
         Starting LSB: MD monitoring daemon...
         Starting /etc/rc.local Compatibility...
         Starting Login Service...
         Starting Pollinate to seed the pseudo random number generator...
         Starting System Logging Service...
[[0;32m  OK  [0m] Started ACPI event daemon.
[[0;32m  OK  [0m] Started D-Bus System Message Bus.
[[0;32m  OK  [0m] Started Regular background program processing daemon.
         Starting LSB: Record successful boot for GRUB...
         Starting Apply the settings specified in cloud-config...
         Starting Accounts Service...
[[0;32m  OK  [0m] Started Unattended Upgrades Shutdown.
[[0;32m  OK  [0m] Started FUSE filesystem for LXC.
         Starting Snappy daemon...
[[0;32m  OK  [0m] Started Deferred execution scheduler.
         Starting LXD - container startup/shutdown...
[[0;32m  OK  [0m] Started System Logging Service.
[[0;32m  OK  [0m] Started iSCSI initiator daemon (iscsid).
[[0;32m  OK  [0m] Started /etc/rc.local Compatibility.
[[0;32m  OK  [0m] Started Login Service.
         Starting Login to default iSCSI targets...
[[0;32m  OK  [0m] Started LSB: Record successful boot for GRUB.
[[0;32m  OK  [0m] Started LSB: MD monitoring daemon.
[[0;32m  OK  [0m] Started Login to default iSCSI targets.
[[0;32m  OK  [0m] Reached target Remote File Systems (Pre).
[[0;32m  OK  [0m] Reached target Remote File Systems.
         Starting LSB: automatic crash report generation...
         Starting LSB: Set the CPU Frequency Scaling governor to "ondemand"...
         Starting LSB: VirtualBox Linux Additions...
         Starting LSB: daemon to balance interrupts for SMP systems...
         Starting Permit User Sessions...
[[0;32m  OK  [0m] Started LSB: Set the CPU Frequency Scaling governor to "ondemand".
[[0;32m  OK  [0m] Started LSB: automatic crash report generation.
[[0;32m  OK  [0m] Started LSB: daemon to balance interrupts for SMP systems.
[[0;32m  OK  [0m] Started Permit User Sessions.
         Starting Terminate Plymouth Boot Screen...
         Starting Hold until boot process finishes up...
         Starting Authenticate and Authorize Users to Run Privileged Tasks...
[[0;32m  OK  [0m] Started Terminate Plymouth Boot Screen.
[[0;32m  OK  [0m] Started Hold until boot process finishes up.
[[0;32m  OK  [0m] Started Getty on tty1.
[[0;32m  OK  [0m] Started Serial Getty on ttyS0.
[[0;32m  OK  [0m] Reached target Login Prompts.
         Starting Set console scheme...
[[0;32m  OK  [0m] Started Set console scheme.
[   35.829108] cloud-init[1129]: Generating locales (this might take a while)...
[[0;32m  OK  [0m] Started Authenticate and Authorize Users to Run Privileged Tasks.
[[0;32m  OK  [0m] Started Accounts Service.
[[0;32m  OK  [0m] Started LSB: VirtualBox Linux Additions.
[[0;32m  OK  [0m] Started Pollinate to seed the pseudo random number generator.
         Starting OpenBSD Secure Shell server...
[[0;32m  OK  [0m] Started OpenBSD Secure Shell server.
[[0;32m  OK  [0m] Started Snappy daemon.
[[0;32m  OK  [0m] Started LXD - container startup/shutdown.
[[0;32m  OK  [0m] Reached target Multi-User System.
[[0;32m  OK  [0m] Reached target Graphical Interface.
         Starting Update UTMP about System Runlevel Changes...
[[0;32m  OK  [0m] Started Update UTMP about System Runlevel Changes.
[   38.364629] cloud-init[1129]:   en_US.UTF-8... done
[   38.389476] cloud-init[1129]: Generation complete.
         Stopping OpenBSD Secure Shell server...
[[0;32m  OK  [0m] Stopped OpenBSD Secure Shell server.
         Starting OpenBSD Secure Shell server...
[[0;32m  OK  [0m] Started OpenBSD Secure Shell server.
[[0;32m  OK  [0m] Created slice User Slice of ubuntu.
         Starting User Manager for UID 1000...
[[0;32m  OK  [0m] Started Session 1 of user ubuntu.
[[0;32m  OK  [0m] Started User Manager for UID 1000.
[   40.084612] cloud-init[1129]: Cloud-init v. 17.1 running 'modules:config' at Mon, 11 Dec 2017 17:31:22 +0000. Up 34.41 seconds.
[[0;32m  OK  [0m] Started Apply the settings specified in cloud-config.
         Starting Execute cloud user/final scripts...
ci-info: no authorized ssh keys fingerprints found for user ubuntu.
<14>Dec 11 17:31:29 ec2: 
<14>Dec 11 17:31:29 ec2: #############################################################
<14>Dec 11 17:31:29 ec2: -----BEGIN SSH HOST KEY FINGERPRINTS-----
<14>Dec 11 17:31:29 ec2: 1024 SHA256:FBbH8SXpNQ7SRQSFWVgSyO6GpUDKA0gsBsEbbh6czwA root@ubuntu-xenial (DSA)
<14>Dec 11 17:31:29 ec2: 256 SHA256:iquUxF5UfPsh95JpZjDHdxS/4bWidK2xVJl7j9QSWEk root@ubuntu-xenial (ECDSA)
<14>Dec 11 17:31:29 ec2: 256 SHA256:K8CHkkrcgZdFKef8vbPQVtMB1PVylrcdotnpc+uNIQA root@ubuntu-xenial (ED25519)
<14>Dec 11 17:31:29 ec2: 2048 SHA256:6+WzvL4tQ3IuffCrTmeHcXAhpaVPVF7ToMdjoz+wLE4 root@ubuntu-xenial (RSA)
<14>Dec 11 17:31:29 ec2: -----END SSH HOST KEY FINGERPRINTS-----
<14>Dec 11 17:31:29 ec2: #############################################################
-----BEGIN SSH HOST KEY KEYS-----
ecdsa-sha2-nistp256 AAAAE2VjZHNhLXNoYTItbmlzdHAyNTYAAAAIbmlzdHAyNTYAAABBBM1txSSpt5j01P1IqVS9gZ3kHdudzUnP/IaGPZ/A136nw2ndz+qYXYfkhmF+TClkIVdRHd+NEI8Z8+7E3rHe4DA= root@ubuntu-xenial
ssh-ed25519 AAAAC3NzaC1lZDI1NTE5AAAAIOR7HvkInOdRWcCwQ1yjXLKs3XIKdaa1vB+yRWDZ4BR3 root@ubuntu-xenial
ssh-rsa AAAAB3NzaC1yc2EAAAADAQABAAABAQDBVG/w5bXrUVmNDMBmDBHgwYQmGMkfUu1phGKHFtKKoJAXGnk6EBcN1P4pBty+9HAg7MnsjsOc6KVHed++LHSG7O0AZUn4F0iTcLofxu91ZW+7DDJ4W8txrJ7GRHNUA0mN7TtkbSDBJf5zkZJRD2lT+6ilttbqvueKzwYv4j4KiKA6o0UQd1R3eSu6F4MPrK+G7+3QGGCSpBp6oEmebPpCjZsm+ckXsGCKJ3s72lPaljrKQO8ER+LQGFI2NsLj4nclwHS8Gab8J5iq/mlIUtUGZZ2SqO/cqxhm/L2hqI0XUMGvMU9pgRFSRPS/jBkAhZMzKhhMax6nEyule1hsnROh root@ubuntu-xenial
-----END SSH HOST KEY KEYS-----
[   41.351001] cloud-init[1395]: Cloud-init v. 17.1 running 'modules:final' at Mon, 11 Dec 2017 17:31:28 +0000. Up 40.87 seconds.
[   41.351439] cloud-init[1395]: ci-info: no authorized ssh keys fingerprints found for user ubuntu.
[   41.351662] cloud-init[1395]: Cloud-init v. 17.1 finished at Mon, 11 Dec 2017 17:31:29 +0000. Datasource DataSourceNoCloud [seed=/dev/sdb][dsmode=net].  Up 41.33 seconds

Ubuntu 16.04.3 LTS ubuntu-xenial ttyS0

ubuntu-xenial login: 